<?xml version="1.0" encoding="UTF-8"?>
<!-- Generated by org.testng.reporters.JUnitReportReporter -->
<testsuite hostname="WINDELLAP-276" failures="0" tests="1" name="RestfulBooker.PatchApiTest" time="0.560" errors="0" timestamp="2025-03-23T14:26:56 IST" skipped="0">
  <testcase classname="RestfulBooker.PatchApiTest" name="testUpdateObject" time="0.560"/>
</testsuite> <!-- RestfulBooker.PatchApiTest -->
